<?xml version="1.0" encoding="UTF-8" ?>
<testsuite errors="0" failures="0" hostname="demonh3x-PC" name="PqKataTennis.ScoreTest" tests="1" time="0.051" timestamp="2012-10-08T18:16:51">
  <properties>
    <property name="default.javac.source" value="1.7" />
    <property name="file.encoding.pkg" value="sun.io" />
    <property name="libs.toplink.maven-pom" value="" />
    <property name="javac.source" value="1.7" />
    <property name="netbeans.system_http_proxy" value="DIRECT" />
    <property name="java.home" value="C:\Program Files\Java\jdk1.7.0_05\jre" />
    <property name="libs.eclipselinkmodelgen.classpath" value="E:\Mis Documentos\Dropbox\Portable APPs\netbeans\java\modules\ext\eclipselink\eclipselink-jpa-modelgen-2.3.0.jar" />
    <property name="do.archive+manifest.available+main.class" value="true" />
    <property name="test.src.dir" value="test" />
    <property name="libs.JAXB-ENDORSED.javadoc" value="" />
    <property name="libs.jaxws21.src" value="" />
    <property name="javadoc.version" value="false" />
    <property name="libs.CopyLibs.classpath" value="E:\Mis Documentos\Dropbox\Portable APPs\netbeans\java\ant\extra\org-netbeans-modules-java-j2seproject-copylibstask.jar" />
    <property name="libs.javac-api.src" value="" />
    <property name="java.endorsed.dirs" value="C:\Program Files\Java\jdk1.7.0_05\jre\lib\endorsed" />
    <property name="libs.MySQLDriver.classpath" value="E:\Mis Documentos\Dropbox\Portable APPs\netbeans\ide\modules\ext\mysql-connector-java-5.1.13-bin.jar" />
    <property name="libs.jaxb.javadoc" value="E:\Mis Documentos\Dropbox\Portable APPs\netbeans\ide\docs\jaxb-api-doc.zip" />
    <property name="libs.junit.maven-pom" value="" />
    <property name="libs.PostgreSQLDriver.src" value="" />
    <property name="src.dir" value="src" />
    <property name="sun.java2d.noddraw" value="true" />
    <property name="debug-args-line" value="-Xdebug" />
    <property name="netbeans.hash.code" value="unique=0403c5823-bff1-4731-997c-1ea025e9bd29_923c6d67-dcab-43d4-9362-1d2dddf5a657" />
    <property name="build.sysclasspath" value="ignore" />
    <property name="have.sources" value="true" />
    <property name="includes" value="**" />
    <property name="javac.fork" value="false" />
    <property name="source.encoding" value="UTF-8" />
    <property name="libs.jaxws21.classpath" value="E:\Mis Documentos\Dropbox\Portable APPs\netbeans\ide\modules\ext\jaxb\jaxb-impl.jar;E:\Mis Documentos\Dropbox\Portable APPs\netbeans\ide\modules\ext\jaxb\jaxb-xjc.jar;E:\Mis Documentos\Dropbox\Portable APPs\netbeans\java\modules\ext\jaxws22\FastInfoset.jar;E:\Mis Documentos\Dropbox\Portable APPs\netbeans\java\modules\ext\jaxws22\gmbal-api-only.jar;E:\Mis Documentos\Dropbox\Portable APPs\netbeans\java\modules\ext\jaxws22\http.jar;E:\Mis Documentos\Dropbox\Portable APPs\netbeans\java\modules\ext\jaxws22\jaxws-rt.jar;E:\Mis Documentos\Dropbox\Portable APPs\netbeans\java\modules\ext\jaxws22\jaxws-tools.jar;E:\Mis Documentos\Dropbox\Portable APPs\netbeans\java\modules\ext\jaxws22\management-api.jar;E:\Mis Documentos\Dropbox\Portable APPs\netbeans\java\modules\ext\jaxws22\mimepull.jar;E:\Mis Documentos\Dropbox\Portable APPs\netbeans\java\modules\ext\jaxws22\policy.jar;E:\Mis Documentos\Dropbox\Portable APPs\netbeans\java\modules\ext\jaxws22\saaj-impl.jar;E:\Mis Documentos\Dropbox\Portable APPs\netbeans\java\modules\ext\jaxws22\stax-ex.jar;E:\Mis Documentos\Dropbox\Portable APPs\netbeans\java\modules\ext\jaxws22\streambuffer.jar;E:\Mis Documentos\Dropbox\Portable APPs\netbeans\java\modules\ext\jaxws22\woodstox.jar;E:\Mis Documentos\Dropbox\Portable APPs\netbeans\java\modules\ext\jaxws22\api\jaxws-api.jar;E:\Mis Documentos\Dropbox\Portable APPs\netbeans\java\modules\ext\jaxws22\api\jsr181-api.jar;E:\Mis Documentos\Dropbox\Portable APPs\netbeans\java\modules\ext\jaxws22\api\jsr250-api.jar;E:\Mis Documentos\Dropbox\Portable APPs\netbeans\java\modules\ext\jaxws22\api\saaj-api.jar;E:\Mis Documentos\Dropbox\Portable APPs\netbeans\ide\modules\ext\jaxb\activation.jar;E:\Mis Documentos\Dropbox\Portable APPs\netbeans\ide\modules\ext\jaxb\api\jaxb-api.jar;E:\Mis Documentos\Dropbox\Portable APPs\netbeans\ide\modules\ext\jaxb\api\jsr173_api.jar" />
    <property name="sun.os.patch.level" value="Service Pack 1" />
    <property name="java.vendor.url" value="http://java.oracle.com/" />
    <property name="java.version" value="1.7.0_05" />
    <property name="nb.show.statistics.ui" value="usageStatisticsEnabled" />
    <property name="javac.debug" value="true" />
    <property name="org.openide.major.version" value="IDE/1" />
    <property name="libs.JAXB-ENDORSED.classpath" value="E:\Mis Documentos\Dropbox\Portable APPs\netbeans\ide\modules\ext\jaxb\api\jaxb-api.jar" />
    <property name="run.classpath" value=":build/classes" />
    <property name="libs.PostgreSQLDriver.maven-pom" value="" />
    <property name="java.vendor.url.bug" value="http://bugreport.sun.com/bugreport/" />
    <property name="netbeans.autoupdate.variant" value="" />
    <property name="libs.eclipselink.javadoc" value="" />
    <property name="libs.absolutelayout.javadoc" value="" />
    <property name="libs.junit_4.maven-pom" value="" />
    <property name="netbeans.buildnumber" value="201204101705" />
    <property name="ant.project.invoked-targets" value="test" />
    <property name="annotation.processing.run.all.processors" value="true" />
    <property name="manifest.file" value="manifest.mf" />
    <property name="user.name" value="demonh3x" />
    <property name="manifest.available+main.class+mkdist.available" value="true" />
    <property name="libs.eclipselinkmodelgen.src" value="" />
    <property name="empty.dir" value="E:\Mis Documentos\Dropbox\NetBeansProjects\PyKataTennis\build\empty" />
    <property name="sun.io.unicode.encoding" value="UnicodeLittle" />
    <property name="sun.jnu.encoding" value="Cp1252" />
    <property name="java.runtime.name" value="Java(TM) SE Runtime Environment" />
    <property name="jdk.home" value="C:\Program Files\Java\jdk1.7.0_05" />
    <property name="sun.awt.keepWorkingSetOnMinimize" value="true" />
    <property name="netbeans.autoupdate.version" value="1.23" />
    <property name="netbeans.dirs" value="E:\Mis Documentos\Dropbox\Portable APPs\netbeans\nb;E:\Mis Documentos\Dropbox\Portable APPs\netbeans\ergonomics;E:\Mis Documentos\Dropbox\Portable APPs\netbeans\ide;E:\Mis Documentos\Dropbox\Portable APPs\netbeans\java;E:\Mis Documentos\Dropbox\Portable APPs\netbeans\apisupport;E:\Mis Documentos\Dropbox\Portable APPs\netbeans\webcommon;E:\Mis Documentos\Dropbox\Portable APPs\netbeans\websvccommon;E:\Mis Documentos\Dropbox\Portable APPs\netbeans\enterprise;E:\Mis Documentos\Dropbox\Portable APPs\netbeans\mobility;E:\Mis Documentos\Dropbox\Portable APPs\netbeans\profiler;E:\Mis Documentos\Dropbox\Portable APPs\netbeans\python;E:\Mis Documentos\Dropbox\Portable APPs\netbeans\php;E:\Mis Documentos\Dropbox\Portable APPs\netbeans\identity;E:\Mis Documentos\Dropbox\Portable APPs\netbeans\harness;E:\Mis Documentos\Dropbox\Portable APPs\netbeans\cnd;E:\Mis Documentos\Dropbox\Portable APPs\netbeans\dlight;E:\Mis Documentos\Dropbox\Portable APPs\netbeans\groovy;E:\Mis Documentos\Dropbox\Portable APPs\netbeans\extra;E:\Mis Documentos\Dropbox\Portable APPs\netbeans\javacard;E:\Mis Documentos\Dropbox\Portable APPs\netbeans\javafx" />
    <property name="main.class.available" value="true" />
    <property name="java.specification.name" value="Java Platform API Specification" />
    <property name="javadoc.author" value="false" />
    <property name="libs.hibernate-support.javadoc" value="" />
    <property name="ap.proc.none.internal" value="" />
    <property name="user.timezone" value="" />
    <property name="manifest.available" value="true" />
    <property name="libs.spring-framework.maven-pom" value="" />
    <property name="libs.swing-layout.maven-pom" value="" />
    <property name="libs.junit.javadoc" value="E:\Mis Documentos\Dropbox\Portable APPs\netbeans\java\docs\junit-3.8.2-api.zip" />
    <property name="org.openide.specification.version" value="6.2" />
    <property name="user.script" value="" />
    <property name="path.separator" value=";" />
    <property name="version-output" value="java version &quot;1.7" />
    <property name="libs.ejb3-persistence.src" value="" />
    <property name="libs.absolutelayout.classpath" value="E:\Mis Documentos\Dropbox\Portable APPs\netbeans\java\modules\ext\AbsoluteLayout.jar" />
    <property name="libs.jaxb.maven-pom" value="" />
    <property name="netbeans.accept_license_class" value="org.netbeans.license.AcceptLicense" />
    <property name="file.encoding" value="Cp1252" />
    <property name="libs.eclipselink.src" value="" />
    <property name="dist.javadoc.dir" value="dist/javadoc" />
    <property name="ant.project.default-target" value="default" />
    <property name="libs.JAXB-ENDORSED.src" value="" />
    <property name="ant.file.PyKataTennis" value="E:\Mis Documentos\Dropbox\NetBeansProjects\PyKataTennis\build.xml" />
    <property name="libs.hibernate-persistence.javadoc" value="" />
    <property name="libs.ejb3-persistence.classpath" value="E:\Mis Documentos\Dropbox\Portable APPs\netbeans\java\modules\ext\hibernate\ejb3-persistence.jar" />
    <property name="sun.java.command" value="org.apache.tools.ant.taskdefs.optional.junit.JUnitTestRunner PqKataTennis.ScoreTest filtertrace=true haltOnError=false haltOnFailure=false showoutput=true outputtoformatters=true logfailedtests=true logtestlistenerevents=true formatter=org.apache.tools.ant.taskdefs.optional.junit.BriefJUnitResultFormatter formatter=org.apache.tools.ant.taskdefs.optional.junit.XMLJUnitResultFormatter,E:\Mis Documentos\Dropbox\NetBeansProjects\PyKataTennis\build\test\results\TEST-PqKataTennis.ScoreTest.xml crashfile=E:\Mis Documentos\Dropbox\NetBeansProjects\PyKataTennis\build\junitvmwatcher7269258364677216058.properties propsfile=E:\Mis Documentos\Dropbox\NetBeansProjects\PyKataTennis\build\junit438160483004375413.properties" />
    <property name="built-jar.properties" value="E:\Mis Documentos\Dropbox\NetBeansProjects\PyKataTennis\build\built-jar.properties" />
    <property name="libs.junit.src" value="" />
    <property name="ant.junit.enabletestlistenerevents" value="true" />
    <property name="ant.file" value="E:\Mis Documentos\Dropbox\NetBeansProjects\PyKataTennis\build.xml" />
    <property name="libs.junit_4.src" value="E:\Mis Documentos\Dropbox\Portable APPs\netbeans\java\docs\junit-4.10-sources.jar" />
    <property name="netbeans.autoupdate.language" value="es" />
    <property name="java.io.tmpdir" value="C:\Users\demonh3x\AppData\Local\Temp\" />
    <property name="build.test.results.dir" value="build/test/results" />
    <property name="user.language" value="es" />
    <property name="libs.spring-framework300.src" value="" />
    <property name="line.separator" value="&#xd;&#xa;" />
    <property name="apple.laf.useScreenMenuBar" value="true" />
    <property name="libs.absolutelayout.src" value="" />
    <property name="javac.compilerargs" value="" />
    <property name="libs.hibernate-support.maven-pom" value="" />
    <property name="jar.compress" value="false" />
    <property name="debug-transport-by-os" value="dt_shmem" />
    <property name="libs.JWSAntTasks.src" value="" />
    <property name="libs.hibernate-persistence.maven-pom" value="" />
    <property name="java.vm.info" value="mixed mode" />
    <property name="libs.javac-api.maven-pom" value="" />
    <property name="javadoc.private" value="false" />
    <property name="annotation.processing.processors.list" value="" />
    <property name="sun.desktop" value="windows" />
    <property name="java.vm.specification.name" value="Java Virtual Machine Specification" />
    <property name="build.test.classes.dir" value="build/test/classes" />
    <property name="libs.jaxb.src" value="" />
    <property name="libs.MySQLDriver.javadoc" value="" />
    <property name="netbeans.dynamic.classpath" value="E:\Mis Documentos\Dropbox\Portable APPs\netbeans\platform\core\core.jar;E:\Mis Documentos\Dropbox\Portable APPs\netbeans\platform\core\org-openide-filesystems.jar;E:\Mis Documentos\Dropbox\Portable APPs\netbeans\platform\core\locale\core_ja.jar;E:\Mis Documentos\Dropbox\Portable APPs\netbeans\platform\core\locale\core_pt_BR.jar;E:\Mis Documentos\Dropbox\Portable APPs\netbeans\platform\core\locale\core_ru.jar;E:\Mis Documentos\Dropbox\Portable APPs\netbeans\platform\core\locale\core_zh_CN.jar;E:\Mis Documentos\Dropbox\Portable APPs\netbeans\platform\core\locale\org-openide-filesystems_ja.jar;E:\Mis Documentos\Dropbox\Portable APPs\netbeans\platform\core\locale\org-openide-filesystems_pt_BR.jar;E:\Mis Documentos\Dropbox\Portable APPs\netbeans\platform\core\locale\org-openide-filesystems_ru.jar;E:\Mis Documentos\Dropbox\Portable APPs\netbeans\platform\core\locale\org-openide-filesystems_zh_CN.jar;E:\Mis Documentos\Dropbox\Portable APPs\netbeans\nb\core\org-netbeans-upgrader.jar;E:\Mis Documentos\Dropbox\Portable APPs\netbeans\nb\core\locale\core_nb.jar;E:\Mis Documentos\Dropbox\Portable APPs\netbeans\nb\core\locale\core_nb_ja.jar;E:\Mis Documentos\Dropbox\Portable APPs\netbeans\nb\core\locale\core_nb_pt_BR.jar;E:\Mis Documentos\Dropbox\Portable APPs\netbeans\nb\core\locale\core_nb_ru.jar;E:\Mis Documentos\Dropbox\Portable APPs\netbeans\nb\core\locale\core_nb_zh_CN.jar;E:\Mis Documentos\Dropbox\Portable APPs\netbeans\nb\core\locale\org-netbeans-upgrader_ja.jar;E:\Mis Documentos\Dropbox\Portable APPs\netbeans\nb\core\locale\org-netbeans-upgrader_pt_BR.jar;E:\Mis Documentos\Dropbox\Portable APPs\netbeans\nb\core\locale\org-netbeans-upgrader_ru.jar;E:\Mis Documentos\Dropbox\Portable APPs\netbeans\nb\core\locale\org-netbeans-upgrader_zh_CN.jar" />
    <property name="manifest.available+main.class" value="true" />
    <property name="guice.disable.misplaced.annotation.check" value="true" />
    <property name="libs.beans-binding.javadoc" value="E:\Mis Documentos\Dropbox\Portable APPs\netbeans\java\docs\beansbinding-1.2.1-doc.zip" />
    <property name="platform.active" value="default_platform" />
    <property name="ap.cmd.line.internal" value="" />
    <property name="jdkBug6558476" value="false" />
    <property name="libs.spring-framework300.classpath" value="E:\Mis Documentos\Dropbox\Portable APPs\netbeans\ide\modules\org-apache-commons-logging.jar;E:\Mis Documentos\Dropbox\Portable APPs\netbeans\java\modules\ext\cglib-2.2.jar;E:\Mis Documentos\Dropbox\Portable APPs\netbeans\java\modules\ext\spring-3.0\spring-aop-3.0.6.RELEASE.jar;E:\Mis Documentos\Dropbox\Portable APPs\netbeans\java\modules\ext\spring-3.0\spring-asm-3.0.6.RELEASE.jar;E:\Mis Documentos\Dropbox\Portable APPs\netbeans\java\modules\ext\spring-3.0\spring-aspects-3.0.6.RELEASE.jar;E:\Mis Documentos\Dropbox\Portable APPs\netbeans\java\modules\ext\spring-3.0\spring-beans-3.0.6.RELEASE.jar;E:\Mis Documentos\Dropbox\Portable APPs\netbeans\java\modules\ext\spring-3.0\spring-context-3.0.6.RELEASE.jar;E:\Mis Documentos\Dropbox\Portable APPs\netbeans\java\modules\ext\spring-3.0\spring-context-support-3.0.6.RELEASE.jar;E:\Mis Documentos\Dropbox\Portable APPs\netbeans\java\modules\ext\spring-3.0\spring-core-3.0.6.RELEASE.jar;E:\Mis Documentos\Dropbox\Portable APPs\netbeans\java\modules\ext\spring-3.0\spring-expression-3.0.6.RELEASE.jar;E:\Mis Documentos\Dropbox\Portable APPs\netbeans\java\modules\ext\spring-3.0\spring-instrument-3.0.6.RELEASE.jar;E:\Mis Documentos\Dropbox\Portable APPs\netbeans\java\modules\ext\spring-3.0\spring-instrument-tomcat-3.0.6.RELEASE.jar;E:\Mis Documentos\Dropbox\Portable APPs\netbeans\java\modules\ext\spring-3.0\spring-jdbc-3.0.6.RELEASE.jar;E:\Mis Documentos\Dropbox\Portable APPs\netbeans\java\modules\ext\spring-3.0\spring-jms-3.0.6.RELEASE.jar;E:\Mis Documentos\Dropbox\Portable APPs\netbeans\java\modules\ext\spring-3.0\spring-orm-3.0.6.RELEASE.jar;E:\Mis Documentos\Dropbox\Portable APPs\netbeans\java\modules\ext\spring-3.0\spring-oxm-3.0.6.RELEASE.jar;E:\Mis Documentos\Dropbox\Portable APPs\netbeans\java\modules\ext\spring-3.0\spring-test-3.0.6.RELEASE.jar;E:\Mis Documentos\Dropbox\Portable APPs\netbeans\java\modules\ext\spring-3.0\spring-tx-3.0.6.RELEASE.jar;E:\Mis Documentos\Dropbox\Portable APPs\netbeans\java\modules\ext\spring-3.0\spring-web-3.0.6.RELEASE.jar;E:\Mis Documentos\Dropbox\Portable APPs\netbeans\java\modules\ext\spring-3.0\spring-webmvc-portlet-3.0.6.RELEASE.jar;E:\Mis Documentos\Dropbox\Portable APPs\netbeans\java\modules\ext\spring-3.0\spring-webmvc-3.0.6.RELEASE.jar;E:\Mis Documentos\Dropbox\Portable APPs\netbeans\java\modules\ext\spring-3.0\spring-struts-3.0.6.RELEASE.jar" />
    <property name="libs.junit_4.javadoc" value="E:\Mis Documentos\Dropbox\Portable APPs\netbeans\java\docs\junit-4.10-javadoc.jar" />
    <property name="libs.spring-framework.src" value="" />
    <property name="netbeans.autoupdate.country" value="ES" />
    <property name="libs.beans-binding.maven-pom" value="" />
    <property name="do.mkdist" value="true" />
    <property name="javadoc.encoding" value="UTF-8" />
    <property name="java.awt.printerjob" value="sun.awt.windows.WPrinterJob" />
    <property name="ap.processors.internal" value="" />
    <property name="do.archive" value="true" />
    <property name="dist.jar" value="dist/PyKataTennis.jar" />
    <property name="meta.inf.dir" value="src/META-INF" />
    <property name="ant.version" value="Apache Ant(TM) version 1.8.3 compiled on February 26 2012" />
    <property name="netbeans.home" value="E:\Mis Documentos\Dropbox\Portable APPs\netbeans\platform" />
    <property name="javadoc.nonavbar" value="false" />
    <property name="user.properties.file" value="C:\Users\demonh3x\.netbeans\7.1.2\build.properties" />
    <property name="libs.JWSAntTasks.classpath" value="E:\Mis Documentos\Dropbox\Portable APPs\netbeans\java\ant\extra\org-netbeans-modules-javawebstart-anttasks.jar" />
    <property name="libs.toplink.classpath" value="E:\Mis Documentos\Dropbox\Portable APPs\netbeans\java\modules\ext\toplink\toplink-essentials.jar;E:\Mis Documentos\Dropbox\Portable APPs\netbeans\java\modules\ext\toplink\toplink-essentials-agent.jar" />
    <property name="netbeans.importclass" value="org.netbeans.upgrade.AutoUpgrade" />
    <property name="libs.spring-framework.javadoc" value="" />
    <property name="annotation.processing.source.output" value="build/generated-sources/ap-source-output" />
    <property name="libs.CopyLibs.maven-pom" value="" />
    <property name="build.generated.dir" value="build/generated" />
    <property name="netbeans.home+have.tests" value="true" />
    <property name="libs.eclipselink.maven-pom" value="" />
    <property name="apple.awt.graphics.UseQuartz" value="true" />
    <property name="os.name" value="Windows 7" />
    <property name="java.specification.vendor" value="Oracle Corporation" />
    <property name="run.test.classpath" value=":build/classes:E:\Mis Documentos\Dropbox\Portable APPs\netbeans\platform\modules\ext\junit-4.10.jar:build/test/classes" />
    <property name="do.archive+main.class.available" value="true" />
    <property name="libs.CopyLibs.src" value="" />
    <property name="java.vm.name" value="Java HotSpot(TM) 64-Bit Server VM" />
    <property name="manifest.available-mkdist.available" value="true" />
    <property name="org.openide.version" value="deprecated" />
    <property name="sun.awt.enableExtraMouseButtons" value="true" />
    <property name="libs.junit.classpath" value="E:\Mis Documentos\Dropbox\Portable APPs\netbeans\java\modules\ext\junit-3.8.2.jar" />
    <property name="libs.beans-binding.src" value="" />
    <property name="java.library.path" value="C:\Program Files\Java\jdk1.7.0_05\jre\bin;C:\Windows\Sun\Java\bin;C:\Windows\system32;C:\Windows;C:\Program Files (x86)\AMD APP\bin\x86_64;C:\Program Files (x86)\AMD APP\bin\x86;C:\Program Files\Common Files\Microsoft Shared\Windows Live;C:\Program Files (x86)\NVIDIA Corporation\PhysX\Common;C:\Windows\system32;C:\Windows;C:\Windows\System32\Wbem;C:\Windows\System32\WindowsPowerShell\v1.0\;C:\Program Files (x86)\ATI Technologies\ATI.ACE\Core-Static;C:\Program Files (x86)\QuickTime\QTSystem\;C:\Program Files\Common Files\Microsoft Shared\Windows Live;." />
    <property name="ap.supported.internal" value="true" />
    <property name="libs.PostgreSQLDriver.javadoc" value="" />
    <property name="libs.toplink.javadoc" value="" />
    <property name="libs.eclipselinkmodelgen.maven-pom" value="" />
    <property name="ant.java.version" value="1.7" />
    <property name="java.class.version" value="51.0" />
    <property name="javadoc.noindex" value="false" />
    <property name="basedir" value="E:\Mis Documentos\Dropbox\NetBeansProjects\PyKataTennis" />
    <property name="javac.test.classpath" value=":build/classes:E:\Mis Documentos\Dropbox\Portable APPs\netbeans\platform\modules\ext\junit-4.10.jar" />
    <property name="javac.processorpath" value="" />
    <property name="ant.home" value="E:\Mis Documentos\Dropbox\Portable APPs\netbeans\java\ant" />
    <property name="libs.hibernate-persistence.src" value="" />
    <property name="javadoc.splitindex" value="true" />
    <property name="libs.toplink.src" value="" />
    <property name="libs.javac-api.javadoc" value="" />
    <property name="javac.test.processorpath" value=":build/classes:E:\Mis Documentos\Dropbox\Portable APPs\netbeans\platform\modules\ext\junit-4.10.jar" />
    <property name="javadoc.preview" value="true" />
    <property name="libs.MySQLDriver.maven-pom" value="" />
    <property name="copylibs.rebase" value="true" />
    <property name="libs.CopyLibs.javadoc" value="" />
    <property name="libs.PostgreSQLDriver.classpath" value="E:\Mis Documentos\Dropbox\Portable APPs\netbeans\ide\modules\ext\postgresql-8.3-603.jdbc3.jar" />
    <property name="junit.forkmode" value="perTest" />
    <property name="libs.jaxws21.maven-pom" value="" />
    <property name="libs.junit_4.classpath" value="E:\Mis Documentos\Dropbox\Portable APPs\netbeans\platform\modules\ext\junit-4.10.jar" />
    <property name="ant.file.type.PyKataTennis-impl" value="file" />
    <property name="sun.boot.library.path" value="C:\Program Files\Java\jdk1.7.0_05\jre\bin" />
    <property name="build.dir" value="build" />
    <property name="sun.management.compiler" value="HotSpot 64-Bit Tiered Compilers" />
    <property name="libs.ejb3-persistence.javadoc" value="" />
    <property name="user.variant" value="" />
    <property name="java.awt.graphicsenv" value="sun.awt.Win32GraphicsEnvironment" />
    <property name="javadoc.encoding.used" value="UTF-8" />
    <property name="javadoc.windowtitle" value="" />
    <property name="libs.hibernate-support.src" value="" />
    <property name="netbeans.productversion" value="NetBeans IDE 7.1.2 (Build 201204101705)" />
    <property name="annotation.processing.enabled" value="true" />
    <property name="libs.JAXB-ENDORSED.maven-pom" value="" />
    <property name="build.generated.sources.dir" value="build/generated-sources" />
    <property name="run.jvmargs" value="" />
    <property name="build.compiler.emacs" value="true" />
    <property name="ant.project.name" value="PyKataTennis" />
    <property name="libs.swing-layout.classpath" value="E:\Mis Documentos\Dropbox\Portable APPs\netbeans\platform\modules\ext\swing-layout-1.0.4.jar" />
    <property name="libs.spring-framework.classpath" value="E:\Mis Documentos\Dropbox\Portable APPs\netbeans\ide\modules\org-apache-commons-logging.jar;E:\Mis Documentos\Dropbox\Portable APPs\netbeans\java\modules\ext\cglib-2.2.jar;E:\Mis Documentos\Dropbox\Portable APPs\netbeans\java\modules\ext\spring\spring-2.5.6.SEC03.jar" />
    <property name="java.vm.specification.version" value="1.7" />
    <property name="work.dir" value="E:\Mis Documentos\Dropbox\NetBeansProjects\PyKataTennis" />
    <property name="libs.jaxb.classpath" value="E:\Mis Documentos\Dropbox\Portable APPs\netbeans\ide\modules\ext\jaxb\jaxb-impl.jar;E:\Mis Documentos\Dropbox\Portable APPs\netbeans\ide\modules\ext\jaxb\jaxb-xjc.jar;E:\Mis Documentos\Dropbox\Portable APPs\netbeans\ide\modules\ext\jaxb\jaxb1-impl.jar;E:\Mis Documentos\Dropbox\Portable APPs\netbeans\ide\modules\ext\jaxb\activation.jar;E:\Mis Documentos\Dropbox\Portable APPs\netbeans\ide\modules\ext\jaxb\api\jaxb-api.jar;E:\Mis Documentos\Dropbox\Portable APPs\netbeans\ide\modules\ext\jaxb\api\jsr173_api.jar" />
    <property name="awt.toolkit" value="sun.awt.windows.WToolkit" />
    <property name="manifest.available+main.class-mkdist.available" value="true" />
    <property name="javadoc.use" value="true" />
    <property name="sun.cpu.isalist" value="amd64" />
    <property name="java.ext.dirs" value="C:\Program Files\Java\jdk1.7.0_05\jre\lib\ext;C:\Windows\Sun\Java\lib\ext" />
    <property name="os.version" value="6.1" />
    <property name="excludes" value="" />
    <property name="user.home" value="C:\Users\demonh3x" />
    <property name="org.xml.sax.driver" value="com.sun.org.apache.xerces.internal.jaxp.SAXParserImpl$JAXPSAXParser" />
    <property name="java.vm.vendor" value="Oracle Corporation" />
    <property name="libs.absolutelayout.maven-pom" value="" />
    <property name="user.dir" value="E:\Mis Documentos\Dropbox\NetBeansProjects\PyKataTennis" />
    <property name="debug-transport" value="dt_shmem" />
    <property name="libs.ejb3-persistence.maven-pom" value="" />
    <property name="application.args" value="" />
    <property name="sun.cpu.endian" value="little" />
    <property name="compile.on.save" value="true" />
    <property name="libs.hibernate-support.classpath" value="E:\Mis Documentos\Dropbox\Portable APPs\netbeans\java\modules\ext\hibernate\antlr-2.7.6.jar;E:\Mis Documentos\Dropbox\Portable APPs\netbeans\java\modules\ext\hibernate\asm.jar;E:\Mis Documentos\Dropbox\Portable APPs\netbeans\java\modules\ext\hibernate\asm-attrs.jar;E:\Mis Documentos\Dropbox\Portable APPs\netbeans\java\modules\ext\hibernate\cglib-2.1.3.jar;E:\Mis Documentos\Dropbox\Portable APPs\netbeans\java\modules\ext\hibernate\commons-collections-2.1.1.jar;E:\Mis Documentos\Dropbox\Portable APPs\netbeans\ide\modules\org-apache-commons-logging.jar;E:\Mis Documentos\Dropbox\Portable APPs\netbeans\java\modules\ext\hibernate\dom4j-1.6.1.jar;E:\Mis Documentos\Dropbox\Portable APPs\netbeans\java\modules\ext\hibernate\ehcache-1.2.3.jar;E:\Mis Documentos\Dropbox\Portable APPs\netbeans\java\modules\ext\hibernate\jdbc2_0-stdext.jar;E:\Mis Documentos\Dropbox\Portable APPs\netbeans\java\modules\ext\hibernate\jta.jar;E:\Mis Documentos\Dropbox\Portable APPs\netbeans\java\modules\ext\hibernate\hibernate3.jar;E:\Mis Documentos\Dropbox\Portable APPs\netbeans\java\modules\ext\hibernate\hibernate-tools.jar;E:\Mis Documentos\Dropbox\Portable APPs\netbeans\java\modules\ext\hibernate\hibernate-annotations.jar;E:\Mis Documentos\Dropbox\Portable APPs\netbeans\java\modules\ext\hibernate\hibernate-commons-annotations.jar;E:\Mis Documentos\Dropbox\Portable APPs\netbeans\java\modules\ext\hibernate\hibernate-entitymanager.jar;E:\Mis Documentos\Dropbox\Portable APPs\netbeans\java\modules\ext\hibernate\javassist.jar" />
    <property name="ignore.failing.tests" value="true" />
    <property name="endorsed.classpath.cmd.line.arg" value="-Xbootclasspath/p:&apos;E:\Mis Documentos\Dropbox\NetBeansProjects\PyKataTennis\${endorsed.classpath}&apos;" />
    <property name="libs.eclipselinkmodelgen.javadoc" value="" />
    <property name="jar.index" value="false" />
    <property name="libs.spring-framework300.javadoc" value="" />
    <property name="netbeans.automatic.build" value="true" />
    <property name="libs.MySQLDriver.src" value="" />
    <property name="java.vm.version" value="23.1-b03" />
    <property name="annotation.processing.processor.options" value="" />
    <property name="java.class.path" value="E:\Mis Documentos\Dropbox\NetBeansProjects\PyKataTennis\build\classes;E:\Mis Documentos\Dropbox\Portable APPs\netbeans\platform\modules\ext\junit-4.10.jar;E:\Mis Documentos\Dropbox\NetBeansProjects\PyKataTennis\build\test\classes;E:\Mis Documentos\Dropbox\NetBeansProjects\PyKataTennis;C:\Program Files (x86)\Java\jre6\lib\ext\QTJava.zip;E:\Mis Documentos\Dropbox\Portable APPs\netbeans\java\ant\lib\ant-launcher.jar;E:\Mis Documentos\Dropbox\Portable APPs\netbeans\java\ant\lib\ant.jar;E:\Mis Documentos\Dropbox\Portable APPs\netbeans\java\ant\lib\ant-junit.jar;E:\Mis Documentos\Dropbox\Portable APPs\netbeans\java\ant\lib\ant-junit4.jar" />
    <property name="libs.hibernate-persistence.classpath" value="E:\Mis Documentos\Dropbox\Portable APPs\netbeans\java\modules\ext\hibernate\antlr-2.7.6.jar;E:\Mis Documentos\Dropbox\Portable APPs\netbeans\java\modules\ext\hibernate\asm.jar;E:\Mis Documentos\Dropbox\Portable APPs\netbeans\java\modules\ext\hibernate\asm-attrs.jar;E:\Mis Documentos\Dropbox\Portable APPs\netbeans\java\modules\ext\hibernate\cglib-2.1.3.jar;E:\Mis Documentos\Dropbox\Portable APPs\netbeans\java\modules\ext\hibernate\commons-collections-2.1.1.jar;E:\Mis Documentos\Dropbox\Portable APPs\netbeans\ide\modules\org-apache-commons-logging.jar;E:\Mis Documentos\Dropbox\Portable APPs\netbeans\java\modules\ext\hibernate\dom4j-1.6.1.jar;E:\Mis Documentos\Dropbox\Portable APPs\netbeans\java\modules\ext\hibernate\ehcache-1.2.3.jar;E:\Mis Documentos\Dropbox\Portable APPs\netbeans\java\modules\ext\hibernate\jdbc2_0-stdext.jar;E:\Mis Documentos\Dropbox\Portable APPs\netbeans\java\modules\ext\hibernate\jta.jar;E:\Mis Documentos\Dropbox\Portable APPs\netbeans\java\modules\ext\hibernate\hibernate3.jar;E:\Mis Documentos\Dropbox\Portable APPs\netbeans\java\modules\ext\hibernate\hibernate-tools.jar;E:\Mis Documentos\Dropbox\Portable APPs\netbeans\java\modules\ext\hibernate\hibernate-annotations.jar;E:\Mis Documentos\Dropbox\Portable APPs\netbeans\java\modules\ext\hibernate\hibernate-commons-annotations.jar;E:\Mis Documentos\Dropbox\Portable APPs\netbeans\java\modules\ext\hibernate\hibernate-entitymanager.jar;E:\Mis Documentos\Dropbox\Portable APPs\netbeans\java\modules\ext\hibernate\javassist.jar;E:\Mis Documentos\Dropbox\Portable APPs\netbeans\java\modules\ext\hibernate\ejb3-persistence.jar" />
    <property name="os.arch" value="amd64" />
    <property name="javac.deprecation" value="false" />
    <property name="build.classes.excludes" value="**/*.java,**/*.form" />
    <property name="dist.dir" value="dist" />
    <property name="debug.classpath" value=":build/classes" />
    <property name="netbeans.user" value="C:\Users\demonh3x\.netbeans\7.1.2" />
    <property name="sun.java.launcher" value="SUN_STANDARD" />
    <property name="jar.index.metainf" value="false" />
    <property name="ant.file.type.PyKataTennis" value="file" />
    <property name="annotation.processing.enabled.in.editor" value="false" />
    <property name="ant.core.lib" value="E:\Mis Documentos\Dropbox\Portable APPs\netbeans\java\ant\lib\ant.jar" />
    <property name="java.vm.specification.vendor" value="Oracle Corporation" />
    <property name="do.depend" value="false" />
    <property name="file.separator" value="\" />
    <property name="java.runtime.version" value="1.7.0_05-b05" />
    <property name="sun.boot.class.path" value="E:\Mis Documentos\Dropbox\NetBeansProjects\PyKataTennis\${endorsed.classpath};C:\Program Files\Java\jdk1.7.0_05\jre\lib\resources.jar;C:\Program Files\Java\jdk1.7.0_05\jre\lib\rt.jar;C:\Program Files\Java\jdk1.7.0_05\jre\lib\sunrsasign.jar;C:\Program Files\Java\jdk1.7.0_05\jre\lib\jsse.jar;C:\Program Files\Java\jdk1.7.0_05\jre\lib\jce.jar;C:\Program Files\Java\jdk1.7.0_05\jre\lib\charsets.jar;C:\Program Files\Java\jdk1.7.0_05\jre\lib\jfr.jar;C:\Program Files\Java\jdk1.7.0_05\jre\classes" />
    <property name="debug.test.classpath" value=":build/classes:E:\Mis Documentos\Dropbox\Portable APPs\netbeans\platform\modules\ext\junit-4.10.jar:build/test/classes" />
    <property name="libs.beans-binding.classpath" value="E:\Mis Documentos\Dropbox\Portable APPs\netbeans\java\modules\ext\beansbinding-1.2.1.jar" />
    <property name="have.tests" value="true" />
    <property name="main.class" value="PqKataTennis.cli.cli" />
    <property name="libs.JWSAntTasks.maven-pom" value="" />
    <property name="java.util.logging.config.class" value="org.netbeans.core.startup.TopLogging" />
    <property name="libs.javac-api.classpath" value="E:\Mis Documentos\Dropbox\Portable APPs\netbeans\java\modules\ext\javac-api-nb-7.0-b07.jar" />
    <property name="user.country" value="ES" />
    <property name="javadoc.notree" value="false" />
    <property name="libs.spring-framework300.maven-pom" value="" />
    <property name="libs.jaxws21.javadoc" value="E:\Mis Documentos\Dropbox\Portable APPs\netbeans\java\docs\jaxws-api-doc.zip" />
    <property name="default.javac.target" value="1.7" />
    <property name="javadoc.additionalparam" value="" />
    <property name="javac.classpath" value="" />
    <property name="build.classes.dir" value="build/classes" />
    <property name="ant.file.PyKataTennis-impl" value="E:\Mis Documentos\Dropbox\NetBeansProjects\PyKataTennis\nbproject\build-impl.xml" />
    <property name="do.archive+manifest.available" value="true" />
    <property name="libs.swing-layout.src" value="E:\Mis Documentos\Dropbox\Portable APPs\netbeans\platform\docs\swing-layout-1.0.4-src.zip" />
    <property name="libs.swing-layout.javadoc" value="E:\Mis Documentos\Dropbox\Portable APPs\netbeans\platform\docs\swing-layout-1.0.4-doc.zip" />
    <property name="java.vendor" value="Oracle Corporation" />
    <property name="javac.target" value="1.7" />
    <property name="libs.eclipselink.classpath" value="E:\Mis Documentos\Dropbox\Portable APPs\netbeans\java\modules\ext\eclipselink\eclipselink-2.3.0.jar;E:\Mis Documentos\Dropbox\Portable APPs\netbeans\java\modules\ext\eclipselink\javax.persistence-2.0.jar;E:\Mis Documentos\Dropbox\Portable APPs\netbeans\java\modules\ext\eclipselink\org.eclipse.persistence.jpa.jpql_1.0.0.jar" />
    <property name="org.openide.awt.ActionReference.completion" value="org.netbeans.modules.apisupport.project.layers.PathCompletions" />
    <property name="runtime.encoding" value="UTF-8" />
    <property name="java.specification.version" value="1.7" />
    <property name="libs.JWSAntTasks.javadoc" value="" />
    <property name="sun.arch.data.model" value="64" />
    <property name="mkdist.disabled" value="false" />
  </properties>
  <testcase classname="PqKataTennis.ScoreTest" name="testToMax" time="0.002" />
  <system-out><![CDATA[]]></system-out>
  <system-err><![CDATA[]]></system-err>
</testsuite>
